This is pdfTeX, Version 3.1415926-2.5-1.40.14 (TeX Live 2013/Debian) (format=pdflatex 2014.10.8)  25 MAY 2015 11:46
entering extended mode
 restricted \write18 enabled.
 %&-line parsing enabled.
**Cosmology.tex
(./Cosmology.tex
LaTeX2e <2011/06/27>
Babel <3.9h> and hyphenation patterns for 4 languages loaded.
(/usr/share/texlive/texmf-dist/tex/latex/base/article.cls
Document Class: article 2007/10/19 v1.4h Standard LaTeX document class
(/usr/share/texlive/texmf-dist/tex/latex/base/size12.clo
File: size12.clo 2007/10/19 v1.4h Standard LaTeX file (size option)
)
\c@part=\count79
\c@section=\count80
\c@subsection=\count81
\c@subsubsection=\count82
\c@paragraph=\count83
\c@subparagraph=\count84
\c@figure=\count85
\c@table=\count86
\abovecaptionskip=\skip41
\belowcaptionskip=\skip42
\bibindent=\dimen102
)
(/usr/share/texlive/texmf-dist/tex/latex/amsmath/amsmath.sty
Package: amsmath 2013/01/14 v2.14 AMS math features
\@mathmargin=\skip43

For additional information on amsmath, use the `?' option.
(/usr/share/texlive/texmf-dist/tex/latex/amsmath/amstext.sty
Package: amstext 2000/06/29 v2.01

(/usr/share/texlive/texmf-dist/tex/latex/amsmath/amsgen.sty
File: amsgen.sty 1999/11/30 v2.0
\@emptytoks=\toks14
\ex@=\dimen103
))
(/usr/share/texlive/texmf-dist/tex/latex/amsmath/amsbsy.sty
Package: amsbsy 1999/11/29 v1.2d
\pmbraise@=\dimen104
)
(/usr/share/texlive/texmf-dist/tex/latex/amsmath/amsopn.sty
Package: amsopn 1999/12/14 v2.01 operator names
)
\inf@bad=\count87
LaTeX Info: Redefining \frac on input line 210.
\uproot@=\count88
\leftroot@=\count89
LaTeX Info: Redefining \overline on input line 306.
\classnum@=\count90
\DOTSCASE@=\count91
LaTeX Info: Redefining \ldots on input line 378.
LaTeX Info: Redefining \dots on input line 381.
LaTeX Info: Redefining \cdots on input line 466.
\Mathstrutbox@=\box26
\strutbox@=\box27
\big@size=\dimen105
LaTeX Font Info:    Redeclaring font encoding OML on input line 566.
LaTeX Font Info:    Redeclaring font encoding OMS on input line 567.
\macc@depth=\count92
\c@MaxMatrixCols=\count93
\dotsspace@=\muskip10
\c@parentequation=\count94
\dspbrk@lvl=\count95
\tag@help=\toks15
\row@=\count96
\column@=\count97
\maxfields@=\count98
\andhelp@=\toks16
\eqnshift@=\dimen106
\alignsep@=\dimen107
\tagshift@=\dimen108
\tagwidth@=\dimen109
\totwidth@=\dimen110
\lineht@=\dimen111
\@envbody=\toks17
\multlinegap=\skip44
\multlinetaggap=\skip45
\mathdisplay@stack=\toks18
LaTeX Info: Redefining \[ on input line 2665.
LaTeX Info: Redefining \] on input line 2666.
)
(/usr/share/texlive/texmf-dist/tex/latex/base/inputenc.sty
Package: inputenc 2008/03/30 v1.1d Input encoding file
\inpenc@prehook=\toks19
\inpenc@posthook=\toks20

(/usr/share/texlive/texmf-dist/tex/latex/ucs/utf8x.def
File: utf8x.def 2004/10/17 UCS: Input encoding UTF-8
))
(/usr/share/texlive/texmf-dist/tex/latex/ucs/ucs.sty
Package: ucs 2013/05/11 v2.2 UCS: Unicode input support

(/usr/share/texlive/texmf-dist/tex/latex/ucs/data/uni-global.def
File: uni-global.def 2013/05/13 UCS: Unicode global data
)
\uc@secondtry=\count99
\uc@combtoks=\toks21
\uc@combtoksb=\toks22
\uc@temptokena=\toks23
)
(/usr/share/texlive/texmf-dist/tex/latex/graphics/graphicx.sty
Package: graphicx 1999/02/16 v1.0f Enhanced LaTeX Graphics (DPC,SPQR)

(/usr/share/texlive/texmf-dist/tex/latex/graphics/keyval.sty
Package: keyval 1999/03/16 v1.13 key=value parser (DPC)
\KV@toks@=\toks24
)
(/usr/share/texlive/texmf-dist/tex/latex/graphics/graphics.sty
Package: graphics 2009/02/05 v1.0o Standard LaTeX Graphics (DPC,SPQR)

(/usr/share/texlive/texmf-dist/tex/latex/graphics/trig.sty
Package: trig 1999/03/16 v1.09 sin cos tan (DPC)
)
(/usr/share/texlive/texmf-dist/tex/latex/latexconfig/graphics.cfg
File: graphics.cfg 2010/04/23 v1.9 graphics configuration of TeX Live
)
Package graphics Info: Driver file: pdftex.def on input line 91.

(/usr/share/texlive/texmf-dist/tex/latex/pdftex-def/pdftex.def
File: pdftex.def 2011/05/27 v0.06d Graphics/color for pdfTeX

(/usr/share/texlive/texmf-dist/tex/generic/oberdiek/infwarerr.sty
Package: infwarerr 2010/04/08 v1.3 Providing info/warning/error messages (HO)
)
(/usr/share/texlive/texmf-dist/tex/generic/oberdiek/ltxcmds.sty
Package: ltxcmds 2011/11/09 v1.22 LaTeX kernel commands for general use (HO)
)
\Gread@gobject=\count100
))
\Gin@req@height=\dimen112
\Gin@req@width=\dimen113
)
(/usr/share/texlive/texmf-dist/tex/latex/graphics/color.sty
Package: color 2005/11/14 v1.0j Standard LaTeX Color (DPC)

(/usr/share/texlive/texmf-dist/tex/latex/latexconfig/color.cfg
File: color.cfg 2007/01/18 v1.5 color configuration of teTeX/TeXLive
)
Package color Info: Driver file: pdftex.def on input line 130.
)
(/usr/share/texlive/texmf-dist/tex/latex/geometry/geometry.sty
Package: geometry 2010/09/12 v5.6 Page Geometry

(/usr/share/texlive/texmf-dist/tex/generic/oberdiek/ifpdf.sty
Package: ifpdf 2011/01/30 v2.3 Provides the ifpdf switch (HO)
Package ifpdf Info: pdfTeX in PDF mode is detected.
)
(/usr/share/texlive/texmf-dist/tex/generic/oberdiek/ifvtex.sty
Package: ifvtex 2010/03/01 v1.5 Detect VTeX and its facilities (HO)
Package ifvtex Info: VTeX not detected.
)
(/usr/share/texlive/texmf-dist/tex/generic/ifxetex/ifxetex.sty
Package: ifxetex 2010/09/12 v0.6 Provides ifxetex conditional
)
\Gm@cnth=\count101
\Gm@cntv=\count102
\c@Gm@tempcnt=\count103
\Gm@bindingoffset=\dimen114
\Gm@wd@mp=\dimen115
\Gm@odd@mp=\dimen116
\Gm@even@mp=\dimen117
\Gm@layoutwidth=\dimen118
\Gm@layoutheight=\dimen119
\Gm@layouthoffset=\dimen120
\Gm@layoutvoffset=\dimen121
\Gm@dimlist=\toks25
)
(/usr/share/texlive/texmf-dist/tex/latex/pdfpages/pdfpages.sty
Package: pdfpages 2013/08/25 v0.4v Insert pages of external PDF documents (AM)

(/usr/share/texlive/texmf-dist/tex/latex/base/ifthen.sty
Package: ifthen 2001/05/26 v1.1c Standard LaTeX ifthen package (DPC)
)
(/usr/share/texlive/texmf-dist/tex/latex/tools/calc.sty
Package: calc 2007/08/22 v4.3 Infix arithmetic (KKT,FJ)
\calc@Acount=\count104
\calc@Bcount=\count105
\calc@Adimen=\dimen122
\calc@Bdimen=\dimen123
\calc@Askip=\skip46
\calc@Bskip=\skip47
LaTeX Info: Redefining \setlength on input line 76.
LaTeX Info: Redefining \addtolength on input line 77.
\calc@Ccount=\count106
\calc@Cskip=\skip48
)
(/usr/share/texlive/texmf-dist/tex/latex/eso-pic/eso-pic.sty
Package: eso-pic 2013/10/06 v2.0d eso-pic (RN)

(/usr/share/texlive/texmf-dist/tex/generic/oberdiek/atbegshi.sty
Package: atbegshi 2011/10/05 v1.16 At begin shipout hook (HO)
))
(/usr/share/texlive/texmf-dist/tex/latex/pdfpages/pppdftex.def
File: pppdftex.def 2013/08/25 v0.4v Pdfpages driver for pdfTeX (AM)
)
\AM@pagebox=\box28
\AM@toc@title=\toks26
\c@AM@survey=\count107
\AM@templatesizebox=\box29
)
(./Cosmology.aux)
\openout1 = `Cosmology.aux'.

LaTeX Font Info:    Checking defaults for OML/cmm/m/it on input line 17.
LaTeX Font Info:    ... okay on input line 17.
LaTeX Font Info:    Checking defaults for T1/cmr/m/n on input line 17.
LaTeX Font Info:    ... okay on input line 17.
LaTeX Font Info:    Checking defaults for OT1/cmr/m/n on input line 17.
LaTeX Font Info:    ... okay on input line 17.
LaTeX Font Info:    Checking defaults for OMS/cmsy/m/n on input line 17.
LaTeX Font Info:    ... okay on input line 17.
LaTeX Font Info:    Checking defaults for OMX/cmex/m/n on input line 17.
LaTeX Font Info:    ... okay on input line 17.
LaTeX Font Info:    Checking defaults for U/cmr/m/n on input line 17.
LaTeX Font Info:    ... okay on input line 17.
 (/usr/share/texlive/texmf-dist/tex/latex/ucs/ucsencs.def
File: ucsencs.def 2011/01/21 Fixes to fontencodings LGR, T3
)
(/usr/share/texlive/texmf-dist/tex/context/base/supp-pdf.mkii
[Loading MPS to PDF converter (version 2006.09.02).]
\scratchcounter=\count108
\scratchdimen=\dimen124
\scratchbox=\box30
\nofMPsegments=\count109
\nofMParguments=\count110
\everyMPshowfont=\toks27
\MPscratchCnt=\count111
\MPscratchDim=\dimen125
\MPnumerator=\count112
\makeMPintoPDFobject=\count113
\everyMPtoPDFconversion=\toks28
) (/usr/share/texlive/texmf-dist/tex/generic/oberdiek/pdftexcmds.sty
Package: pdftexcmds 2011/11/29 v0.20 Utility functions of pdfTeX for LuaTeX (HO
)

(/usr/share/texlive/texmf-dist/tex/generic/oberdiek/ifluatex.sty
Package: ifluatex 2010/03/01 v1.3 Provides the ifluatex switch (HO)
Package ifluatex Info: LuaTeX not detected.
)
Package pdftexcmds Info: LuaTeX not detected.
Package pdftexcmds Info: \pdf@primitive is available.
Package pdftexcmds Info: \pdf@ifprimitive is available.
Package pdftexcmds Info: \pdfdraftmode found.
)
(/usr/share/texlive/texmf-dist/tex/latex/oberdiek/epstopdf-base.sty
Package: epstopdf-base 2010/02/09 v2.5 Base part for package epstopdf

(/usr/share/texlive/texmf-dist/tex/latex/oberdiek/grfext.sty
Package: grfext 2010/08/19 v1.1 Manage graphics extensions (HO)

(/usr/share/texlive/texmf-dist/tex/generic/oberdiek/kvdefinekeys.sty
Package: kvdefinekeys 2011/04/07 v1.3 Define keys (HO)
))
(/usr/share/texlive/texmf-dist/tex/latex/oberdiek/kvoptions.sty
Package: kvoptions 2011/06/30 v3.11 Key value format for package options (HO)

(/usr/share/texlive/texmf-dist/tex/generic/oberdiek/kvsetkeys.sty
Package: kvsetkeys 2012/04/25 v1.16 Key value parser (HO)

(/usr/share/texlive/texmf-dist/tex/generic/oberdiek/etexcmds.sty
Package: etexcmds 2011/02/16 v1.5 Avoid name clashes with e-TeX commands (HO)
Package etexcmds Info: Could not find \expanded.
(etexcmds)             That can mean that you are not using pdfTeX 1.50 or
(etexcmds)             that some package has redefined \expanded.
(etexcmds)             In the latter case, load this package earlier.
)))
Package grfext Info: Graphics extension search list:
(grfext)             [.png,.pdf,.jpg,.mps,.jpeg,.jbig2,.jb2,.PNG,.PDF,.JPG,.JPE
G,.JBIG2,.JB2,.eps]
(grfext)             \AppendGraphicsExtensions on input line 452.

(/usr/share/texlive/texmf-dist/tex/latex/latexconfig/epstopdf-sys.cfg
File: epstopdf-sys.cfg 2010/07/13 v1.3 Configuration of (r)epstopdf for TeX Liv
e
))
*geometry* driver: auto-detecting
*geometry* detected driver: pdftex
*geometry* verbose mode - [ preamble ] result:
* driver: pdftex
* paper: a4paper
* layout: <same size as paper>
* layoutoffset:(h,v)=(0.0pt,0.0pt)
* modes: 
* h-part:(L,W,R)=(56.9055pt, 455.24411pt, 85.35826pt)
* v-part:(T,H,B)=(56.9055pt, 731.23584pt, 56.9055pt)
* \paperwidth=597.50787pt
* \paperheight=845.04684pt
* \textwidth=455.24411pt
* \textheight=731.23584pt
* \oddsidemargin=-15.36449pt
* \evensidemargin=-15.36449pt
* \topmargin=-52.36449pt
* \headheight=12.0pt
* \headsep=25.0pt
* \topskip=12.0pt
* \footskip=30.0pt
* \marginparwidth=35.0pt
* \marginparsep=10.0pt
* \columnsep=10.0pt
* \skip\footins=10.8pt plus 4.0pt minus 2.0pt
* \hoffset=0.0pt
* \voffset=0.0pt
* \mag=1000
* \@twocolumnfalse
* \@twosidefalse
* \@mparswitchfalse
* \@reversemarginfalse
* (1in=72.27pt=25.4mm, 1cm=28.453pt)

\AtBeginShipoutBox=\box31
[1

{/var/lib/texmf/fonts/map/pdftex/updmap/pdftex.map}] [2]
Overfull \hbox (26.66603pt too wide) in paragraph at lines 179--180
[]\OT1/cmr/m/n/12 The fi-nal plot $([](\OML/cmm/m/it/12 H[]t\OT1/cmr/m/n/12 )\O
ML/cmm/m/it/12 ; []\OT1/cmr/m/n/12 (\OML/cmm/m/it/12 a\OT1/cmr/m/n/12 ))$, with
 radiation-matter equal-ity $\OML/cmm/m/it/12 t[]$\OT1/cmr/m/n/12 , matter-cosm
ological
 []

<advanced_part1.pdf, id=18, 845.1575pt x 597.23125pt>
File: advanced_part1.pdf Graphic file (type pdf)
 <use advanced_part1.pdf>
Package pdftex.def Info: advanced_part1.pdf used on input line 186.
(pdftex.def)             Requested size: 507.09842pt x 358.3415pt.

[3 <./advanced_part1.pdf, page is rotated 270 degrees>]
Overfull \hbox (11.26064pt too wide) in paragraph at lines 208--209
[]\OT1/cmr/m/n/12 The fi-nal plot $([](\OML/cmm/m/it/12 H[]t\OT1/cmr/m/n/12 )\O
ML/cmm/m/it/12 ; []\OT1/cmr/m/n/12 (\OML/cmm/m/it/12 a\OT1/cmr/m/n/12 ))$, with
 radiation-matter equal-ity $\OML/cmm/m/it/12 t[]$\OT1/cmr/m/n/12 , matter-curv
ature
 []

<advanced_part2.pdf, id=31, 845.1575pt x 597.23125pt>
File: advanced_part2.pdf Graphic file (type pdf)
 <use advanced_part2.pdf>
Package pdftex.def Info: advanced_part2.pdf used on input line 210.
(pdftex.def)             Requested size: 507.09842pt x 358.3415pt.

[4 <./advanced_part2.pdf, page is rotated 270 degrees>]
Overfull \hbox (26.66603pt too wide) in paragraph at lines 225--226
[]\OT1/cmr/m/n/12 The fi-nal plot $([](\OML/cmm/m/it/12 H[]t\OT1/cmr/m/n/12 )\O
ML/cmm/m/it/12 ; []\OT1/cmr/m/n/12 (\OML/cmm/m/it/12 a\OT1/cmr/m/n/12 ))$, with
 radiation-matter equal-ity $\OML/cmm/m/it/12 t[]$\OT1/cmr/m/n/12 , matter-cosm
ological
 []

<advanced_part3a.pdf, id=43, 845.04686pt x 597.50786pt>
File: advanced_part3a.pdf Graphic file (type pdf)

<use advanced_part3a.pdf>
Package pdftex.def Info: advanced_part3a.pdf used on input line 227.
(pdftex.def)             Requested size: 507.03203pt x 358.50748pt.

<advanced_part3b.pdf, id=44, 845.04686pt x 597.50786pt>
File: advanced_part3b.pdf Graphic file (type pdf)

<use advanced_part3b.pdf>
Package pdftex.def Info: advanced_part3b.pdf used on input line 230.
(pdftex.def)             Requested size: 507.03203pt x 358.50748pt.
 [5 <./advanced_part3a.pdf>] [6 <./advanced_part3b.pdf>] [7] [8] [9] [10] [11]
Overfull \hbox (88.38797pt too wide) in paragraph at lines 637--637
 []\OT1/cmtt/m/n/8 plot,z1,t_lb1,title='Model 1) Benchmark',xtitle='z',ytitle='
t!I0!N-t!Ie!N (Gyr)',xrange=[0,15],yrange=[0,15],charsize=1.5[] 
 []


Overfull \hbox (109.63828pt too wide) in paragraph at lines 637--637
 []\OT1/cmtt/m/n/8 plot,z2,t_lb2,title='Model 2) !9W!IL!X,0!N=0',xtitle='z',yti
tle='t!I0!N-t!Ie!N (Gyr)',xrange=[0,15],yrange=[0,15],charsize=1.5[] 
 []

[12]
Overfull \hbox (198.88956pt too wide) in paragraph at lines 637--637
 []\OT1/cmtt/m/n/8 plot,z3,t_lb3,title='Model 3) !9W!I!Xm,0!N=0.32, !9W!IL!X,0!
N=0.7',xtitle='z',ytitle='t!I0!N-t!Ie!N (Gyr)',xrange=[0,15],yrange=[0,15],char
size=1.5[] 
 []


Overfull \hbox (198.88956pt too wide) in paragraph at lines 637--637
 []\OT1/cmtt/m/n/8 plot,z4,t_lb4,title='Model 4) !9W!I!Xm,0!N=0.3, !9W!IL!X,0!N
=0.72',xtitle='z',ytitle='t!I0!N-t!Ie!N (Gyr)',xrange=[0,15],yrange=[0,15],char
size=1.5[] 
 []

<advanced_part5a.pdf, id=120, 845.04686pt x 597.50786pt>
File: advanced_part5a.pdf Graphic file (type pdf)

<use advanced_part5a.pdf>
Package pdftex.def Info: advanced_part5a.pdf used on input line 646.
(pdftex.def)             Requested size: 507.03203pt x 358.50748pt.

<advanced_part5b.pdf, id=121, 845.04686pt x 597.50786pt>
File: advanced_part5b.pdf Graphic file (type pdf)

<use advanced_part5b.pdf>
Package pdftex.def Info: advanced_part5b.pdf used on input line 648.
(pdftex.def)             Requested size: 507.03203pt x 358.50748pt.
 [13]
<advanced_part5c.pdf, id=126, 845.04686pt x 597.50786pt>
File: advanced_part5c.pdf Graphic file (type pdf)

<use advanced_part5c.pdf>
Package pdftex.def Info: advanced_part5c.pdf used on input line 650.
(pdftex.def)             Requested size: 507.03203pt x 358.50748pt.

<advanced_part5d.pdf, id=127, 845.04686pt x 597.50786pt>
File: advanced_part5d.pdf Graphic file (type pdf)

<use advanced_part5d.pdf>
Package pdftex.def Info: advanced_part5d.pdf used on input line 652.
(pdftex.def)             Requested size: 507.03203pt x 358.50748pt.
 [14 <./advanced_part5a.pdf> <./advanced_part5b.pdf

pdfTeX warning: pdflatex (file ./advanced_part5b.pdf): PDF inclusion: multiple 
pdfs with page group included in a single page
>] [15 <./advanced_part5c.pdf> <./advanced_part5d.pdf

pdfTeX warning: pdflatex (file ./advanced_part5d.pdf): PDF inclusion: multiple 
pdfs with page group included in a single page
>] <advanced_part6a.pdf, id=175, 845.04686pt x 597.50786pt>
File: advanced_part6a.pdf Graphic file (type pdf)

<use advanced_part6a.pdf>
Package pdftex.def Info: advanced_part6a.pdf used on input line 664.
(pdftex.def)             Requested size: 507.03203pt x 358.50748pt.
 [16 <./advanced_part6a.pdf>]
<advanced_part6b.pdf, id=185, 845.04686pt x 597.50786pt>
File: advanced_part6b.pdf Graphic file (type pdf)

<use advanced_part6b.pdf>
Package pdftex.def Info: advanced_part6b.pdf used on input line 671.
(pdftex.def)             Requested size: 507.03203pt x 358.50748pt.
 [17 <./advanced_part6b.pdf>]
<advanced_part6c.pdf, id=201, 845.04686pt x 597.50786pt>
File: advanced_part6c.pdf Graphic file (type pdf)

<use advanced_part6c.pdf>
Package pdftex.def Info: advanced_part6c.pdf used on input line 678.
(pdftex.def)             Requested size: 507.03203pt x 358.50748pt.
 [18 <./advanced_part6c.pdf>]
<advanced_part6d.pdf, id=217, 845.04686pt x 597.50786pt>
File: advanced_part6d.pdf Graphic file (type pdf)

<use advanced_part6d.pdf>
Package pdftex.def Info: advanced_part6d.pdf used on input line 685.
(pdftex.def)             Requested size: 507.03203pt x 358.50748pt.
 [19 <./advanced_part6d.pdf>] (./Cosmology.aux) ) 
Here is how much of TeX's memory you used:
 3703 strings out of 494985
 54435 string characters out of 6180356
 139212 words of memory out of 5000000
 6847 multiletter control sequences out of 15000+600000
 9188 words of font info for 34 fonts, out of 8000000 for 9000
 36 hyphenation exceptions out of 8191
 38i,7n,23p,362b,365s stack positions out of 5000i,500n,10000p,200000b,80000s
</usr/share/texlive/texmf-dist
/fonts/type1/public/amsfonts/cm/cmbx12.pfb></usr/share/texlive/texmf-dist/fonts
/type1/public/amsfonts/cm/cmex10.pfb></usr/share/texlive/texmf-dist/fonts/type1
/public/amsfonts/cm/cmmi12.pfb></usr/share/texlive/texmf-dist/fonts/type1/publi
c/amsfonts/cm/cmmi8.pfb></usr/share/texlive/texmf-dist/fonts/type1/public/amsfo
nts/cm/cmr12.pfb></usr/share/texlive/texmf-dist/fonts/type1/public/amsfonts/cm/
cmr17.pfb></usr/share/texlive/texmf-dist/fonts/type1/public/amsfonts/cm/cmr8.pf
b></usr/share/texlive/texmf-dist/fonts/type1/public/amsfonts/cm/cmsy10.pfb></us
r/share/texlive/texmf-dist/fonts/type1/public/amsfonts/cm/cmsy8.pfb></usr/share
/texlive/texmf-dist/fonts/type1/public/amsfonts/cm/cmtt8.pfb></usr/share/texmf/
fonts/type1/public/tex-gyre/qhvr.pfb>
Output written on Cosmology.pdf (19 pages, 516698 bytes).
PDF statistics:
 268 PDF objects out of 1000 (max. 8388607)
 186 compressed objects within 2 object streams
 0 named destinations out of 1000 (max. 500000)
 61 words of extra memory for PDF output out of 10000 (max. 10000000)

